TN:
SF:src/controllers/books/create.ts
FN:7,CreateBooksController
FN:12,create
FNF:2
FNH:2
FNDA:3,CreateBooksController
FNDA:3,create
DA:1,1
DA:2,1
DA:3,1
DA:4,1
DA:5,1
DA:6,1
DA:7,1
DA:8,3
DA:9,3
DA:10,3
DA:11,1
DA:12,1
DA:13,3
DA:14,3
DA:15,3
DA:16,3
DA:17,3
DA:18,1
DA:19,1
DA:20,1
DA:21,1
DA:22,1
DA:23,1
DA:24,1
DA:25,1
DA:26,1
DA:27,1
DA:28,1
DA:29,1
DA:30,1
DA:31,3
DA:32,1
LF:32
LH:32
BRDA:7,0,0,3
BRDA:12,1,0,3
BRDA:17,2,0,2
BRDA:17,3,0,1
BRF:4
BRH:4
end_of_record
TN:
SF:src/controllers/books/delete.ts
FN:6,DeleteBooksController
FN:11,delete
FNF:2
FNH:2
FNDA:3,DeleteBooksController
FNDA:3,delete
DA:1,1
DA:2,1
DA:3,1
DA:4,1
DA:5,1
DA:6,1
DA:7,3
DA:8,3
DA:9,3
DA:10,1
DA:11,1
DA:12,3
DA:13,3
DA:14,3
DA:15,3
DA:16,3
DA:17,1
DA:18,1
DA:19,1
DA:20,1
DA:21,1
DA:22,1
DA:23,1
DA:24,1
DA:25,1
DA:26,1
DA:27,1
DA:28,1
DA:29,3
DA:30,1
LF:30
LH:30
BRDA:6,0,0,3
BRDA:11,1,0,3
BRDA:16,2,0,2
BRDA:16,3,0,1
BRF:4
BRH:4
end_of_record
TN:
SF:src/controllers/books/read.ts
FN:6,ReadBooksController
FN:11,getById
FN:30,list
FNF:3
FNH:2
FNDA:3,ReadBooksController
FNDA:3,getById
FNDA:0,list
DA:1,1
DA:2,1
DA:3,1
DA:4,1
DA:5,1
DA:6,1
DA:7,3
DA:8,3
DA:9,3
DA:10,1
DA:11,1
DA:12,3
DA:13,3
DA:14,3
DA:15,3
DA:16,2
DA:17,2
DA:18,3
DA:19,1
DA:20,1
DA:21,2
DA:22,2
DA:23,3
DA:24,1
DA:25,1
DA:26,1
DA:27,1
DA:28,3
DA:29,1
DA:30,1
DA:31,0
DA:32,0
DA:33,0
DA:34,0
DA:35,0
DA:36,0
DA:37,0
DA:38,0
DA:39,0
DA:40,0
DA:41,1
LF:41
LH:31
BRDA:6,0,0,3
BRDA:11,1,0,3
BRDA:16,2,0,2
BRDA:18,3,0,1
BRDA:21,4,0,2
BRDA:23,5,0,1
BRF:6
BRH:6
end_of_record
TN:
SF:src/controllers/books/update.ts
FN:7,UpdateBooksController
FN:12,update
FNF:2
FNH:2
FNDA:2,UpdateBooksController
FNDA:2,update
DA:1,1
DA:2,1
DA:3,1
DA:4,1
DA:5,1
DA:6,1
DA:7,1
DA:8,2
DA:9,2
DA:10,2
DA:11,1
DA:12,1
DA:13,2
DA:14,2
DA:15,2
DA:16,2
DA:17,2
DA:18,2
DA:19,0
DA:20,0
DA:21,0
DA:22,1
DA:23,2
DA:24,0
DA:25,0
DA:26,0
DA:27,0
DA:28,0
DA:29,0
DA:30,1
DA:31,1
DA:32,1
DA:33,1
DA:34,1
DA:35,1
DA:36,1
DA:37,1
DA:38,1
DA:39,1
DA:40,2
DA:41,1
LF:41
LH:32
BRDA:7,0,0,2
BRDA:12,1,0,2
BRDA:18,2,0,1
BRDA:18,3,0,0
BRDA:22,4,0,1
BRDA:23,5,0,0
BRDA:30,6,0,1
BRF:7
BRH:5
end_of_record
TN:
SF:src/controllers/books_rental/create.ts
FN:7,CreateBooksRentalController
FN:12,create
FNF:2
FNH:2
FNDA:3,CreateBooksRentalController
FNDA:3,create
DA:1,1
DA:2,1
DA:3,1
DA:4,1
DA:5,1
DA:6,1
DA:7,1
DA:8,3
DA:9,3
DA:10,3
DA:11,1
DA:12,1
DA:13,3
DA:14,3
DA:15,3
DA:16,3
DA:17,3
DA:18,1
DA:19,1
DA:20,1
DA:21,1
DA:22,1
DA:23,1
DA:24,1
DA:25,1
DA:26,1
DA:27,1
DA:28,1
DA:29,1
DA:30,1
DA:31,3
DA:32,1
LF:32
LH:32
BRDA:7,0,0,3
BRDA:12,1,0,3
BRDA:17,2,0,2
BRDA:17,3,0,1
BRF:4
BRH:4
end_of_record
TN:
SF:src/controllers/books_rental/delete.ts
FN:6,DeleteBooksRentalController
FN:11,delete
FNF:2
FNH:2
FNDA:3,DeleteBooksRentalController
FNDA:3,delete
DA:1,1
DA:2,1
DA:3,1
DA:4,1
DA:5,1
DA:6,1
DA:7,3
DA:8,3
DA:9,3
DA:10,1
DA:11,1
DA:12,3
DA:13,3
DA:14,3
DA:15,3
DA:16,3
DA:17,1
DA:18,1
DA:19,1
DA:20,1
DA:21,1
DA:22,1
DA:23,1
DA:24,1
DA:25,1
DA:26,1
DA:27,1
DA:28,1
DA:29,3
DA:30,1
LF:30
LH:30
BRDA:6,0,0,3
BRDA:11,1,0,3
BRDA:16,2,0,2
BRDA:16,3,0,1
BRF:4
BRH:4
end_of_record
TN:
SF:src/controllers/books_rental/read.ts
FN:6,ReadBooksRentalController
FN:11,getById
FN:30,list
FNF:3
FNH:2
FNDA:3,ReadBooksRentalController
FNDA:3,getById
FNDA:0,list
DA:1,1
DA:2,1
DA:3,1
DA:4,1
DA:5,1
DA:6,1
DA:7,3
DA:8,3
DA:9,3
DA:10,1
DA:11,1
DA:12,3
DA:13,3
DA:14,3
DA:15,3
DA:16,2
DA:17,2
DA:18,3
DA:19,1
DA:20,1
DA:21,2
DA:22,2
DA:23,3
DA:24,1
DA:25,1
DA:26,1
DA:27,1
DA:28,3
DA:29,1
DA:30,1
DA:31,0
DA:32,0
DA:33,0
DA:34,0
DA:35,0
DA:36,0
DA:37,0
DA:38,0
DA:39,0
DA:40,0
DA:41,1
LF:41
LH:31
BRDA:6,0,0,3
BRDA:11,1,0,3
BRDA:16,2,0,2
BRDA:18,3,0,1
BRDA:21,4,0,2
BRDA:23,5,0,1
BRF:6
BRH:6
end_of_record
TN:
SF:src/controllers/books_rental/update.ts
FN:6,UpdateBooksRentalController
FN:11,update
FNF:2
FNH:0
FNDA:0,UpdateBooksRentalController
FNDA:0,update
DA:1,1
DA:2,1
DA:3,1
DA:4,1
DA:5,1
DA:6,1
DA:7,0
DA:8,0
DA:9,0
DA:10,1
DA:11,1
DA:12,0
DA:13,0
DA:14,1
LF:14
LH:9
BRF:0
BRH:0
end_of_record
TN:
SF:src/controllers/users/create.ts
FN:7,CreateUsersController
FN:12,create
FNF:2
FNH:2
FNDA:3,CreateUsersController
FNDA:3,create
DA:1,1
DA:2,1
DA:3,1
DA:4,1
DA:5,1
DA:6,1
DA:7,1
DA:8,3
DA:9,3
DA:10,3
DA:11,1
DA:12,1
DA:13,3
DA:14,3
DA:15,3
DA:16,3
DA:17,3
DA:18,1
DA:19,1
DA:20,1
DA:21,1
DA:22,1
DA:23,1
DA:24,1
DA:25,1
DA:26,1
DA:27,1
DA:28,1
DA:29,1
DA:30,1
DA:31,3
DA:32,1
LF:32
LH:32
BRDA:7,0,0,3
BRDA:12,1,0,3
BRDA:17,2,0,2
BRDA:17,3,0,1
BRF:4
BRH:4
end_of_record
TN:
SF:src/controllers/users/read.ts
FN:6,ReadUsersController
FN:11,getById
FN:30,list
FNF:3
FNH:2
FNDA:3,ReadUsersController
FNDA:3,getById
FNDA:0,list
DA:1,1
DA:2,1
DA:3,1
DA:4,1
DA:5,1
DA:6,1
DA:7,3
DA:8,3
DA:9,3
DA:10,1
DA:11,1
DA:12,3
DA:13,3
DA:14,3
DA:15,3
DA:16,2
DA:17,2
DA:18,3
DA:19,1
DA:20,1
DA:21,2
DA:22,2
DA:23,3
DA:24,1
DA:25,1
DA:26,1
DA:27,1
DA:28,3
DA:29,1
DA:30,1
DA:31,0
DA:32,0
DA:33,1
LF:33
LH:31
BRDA:6,0,0,3
BRDA:11,1,0,3
BRDA:16,2,0,2
BRDA:18,3,0,1
BRDA:21,4,0,2
BRDA:23,5,0,1
BRF:6
BRH:6
end_of_record
TN:
SF:src/controllers/users/update.ts
FN:6,UpdateUsersController
FN:11,update
FNF:2
FNH:0
FNDA:0,UpdateUsersController
FNDA:0,update
DA:1,1
DA:2,1
DA:3,1
DA:4,1
DA:5,1
DA:6,1
DA:7,0
DA:8,0
DA:9,0
DA:10,1
DA:11,1
DA:12,0
DA:13,0
DA:14,1
LF:14
LH:9
BRF:0
BRH:0
end_of_record
